<?xml version="1.0" encoding="UTF-8"?>
<testng-results skipped="0" failed="0" total="2" passed="2">
  <reporter-output>
    <line>
      <![CDATA[Title is matching::Google   Google]]>
    </line>
    <line>
      <![CDATA[Title is not matching::Gmail   Google]]>
    </line>
  </reporter-output>
  <suite name="Default suite" duration-ms="13071" started-at="2022-01-28T12:47:33Z" finished-at="2022-01-28T12:47:47Z">
    <groups>
    </groups>
    <test name="Default test" duration-ms="13071" started-at="2022-01-28T12:47:33Z" finished-at="2022-01-28T12:47:47Z">
      <class name="jan19.AdvanceReport">
        <test-method status="PASS" signature="generateReport()[pri:0, instance:jan19.AdvanceReport@28d25987]" name="generateReport" is-config="true" duration-ms="328" started-at="2022-01-28T18:17:33Z" finished-at="2022-01-28T18:17:34Z">
          <reporter-output>
          </reporter-output>
        </test-method> <!-- generateReport -->
        <test-method status="PASS" signature="setUp()[pri:0, instance:jan19.AdvanceReport@28d25987]" name="setUp" is-config="true" duration-ms="6279" started-at="2022-01-28T18:17:34Z" finished-at="2022-01-28T18:17:40Z">
          <reporter-output>
          </reporter-output>
        </test-method> <!-- setUp -->
        <test-method status="PASS" signature="PassTest()[pri:0, instance:jan19.AdvanceReport@28d25987]" name="PassTest" duration-ms="51" started-at="2022-01-28T18:17:40Z" finished-at="2022-01-28T18:17:40Z">
          <reporter-output>
            <line>
              <![CDATA[Title is matching::Google   Google]]>
            </line>
          </reporter-output>
        </test-method> <!-- PassTest -->
        <test-method status="PASS" signature="tearDown()[pri:0, instance:jan19.AdvanceReport@28d25987]" name="tearDown" is-config="true" duration-ms="496" started-at="2022-01-28T18:17:40Z" finished-at="2022-01-28T18:17:41Z">
          <reporter-output>
          </reporter-output>
        </test-method> <!-- tearDown -->
        <test-method status="PASS" signature="setUp()[pri:0, instance:jan19.AdvanceReport@28d25987]" name="setUp" is-config="true" duration-ms="5717" started-at="2022-01-28T18:17:41Z" finished-at="2022-01-28T18:17:46Z">
          <reporter-output>
          </reporter-output>
        </test-method> <!-- setUp -->
        <test-method status="PASS" signature="failTest()[pri:0, instance:jan19.AdvanceReport@28d25987]" name="failTest" duration-ms="16" started-at="2022-01-28T18:17:46Z" finished-at="2022-01-28T18:17:46Z">
          <reporter-output>
            <line>
              <![CDATA[Title is not matching::Gmail   Google]]>
            </line>
          </reporter-output>
        </test-method> <!-- failTest -->
        <test-method status="PASS" signature="tearDown()[pri:0, instance:jan19.AdvanceReport@28d25987]" name="tearDown" is-config="true" duration-ms="160" started-at="2022-01-28T18:17:46Z" finished-at="2022-01-28T18:17:47Z">
          <reporter-output>
          </reporter-output>
        </test-method> <!-- tearDown -->
      </class> <!-- jan19.AdvanceReport -->
    </test> <!-- Default test -->
  </suite> <!-- Default suite -->
</testng-results>
